<?xml version="1.0" encoding="UTF-8"?>
<testng-results skipped="0" failed="0" ignored="0" total="1" passed="1">
  <reporter-output>
  </reporter-output>
  <suite name="Surefire suite" duration-ms="26029" started-at="2019-03-25T22:22:13 IST" finished-at="2019-03-25T22:22:39 IST">
    <groups>
    </groups>
    <test name="Surefire test" duration-ms="26029" started-at="2019-03-25T22:22:13 IST" finished-at="2019-03-25T22:22:39 IST">
      <class name="com.herokuapp.internet.PositiveTests">
        <test-method status="PASS" signature="logInTest()[pri:0, instance:com.herokuapp.internet.PositiveTests@3a82f6ef]" name="logInTest" duration-ms="25982" started-at="2019-03-25T22:22:13 IST" finished-at="2019-03-25T22:22:39 IST">
          <reporter-output>
          </reporter-output>
        </test-method> <!-- logInTest -->
      </class> <!-- com.herokuapp.internet.PositiveTests -->
    </test> <!-- Surefire test -->
  </suite> <!-- Surefire suite -->
</testng-results>
